{"/Users/sk/Desktop/College/gomovie-backend/middleware/auth.js": {"path":"/Users/sk/Desktop/College/gomovie-backend/middleware/auth.js","statementMap":{"0":{"start":{"line":1,"column":12},"end":{"line":1,"column":35}},"1":{"start":{"line":2,"column":15},"end":{"line":2,"column":32}},"2":{"start":{"line":4,"column":0},"end":{"line":17,"column":2}},"3":{"start":{"line":5,"column":2},"end":{"line":5,"column":49}},"4":{"start":{"line":5,"column":35},"end":{"line":5,"column":49}},"5":{"start":{"line":7,"column":16},"end":{"line":7,"column":42}},"6":{"start":{"line":8,"column":2},"end":{"line":8,"column":79}},"7":{"start":{"line":8,"column":14},"end":{"line":8,"column":79}},"8":{"start":{"line":10,"column":2},"end":{"line":16,"column":3}},"9":{"start":{"line":11,"column":20},"end":{"line":11,"column":66}},"10":{"start":{"line":12,"column":4},"end":{"line":12,"column":23}},"11":{"start":{"line":13,"column":4},"end":{"line":13,"column":11}},"12":{"start":{"line":15,"column":4},"end":{"line":15,"column":43}}},"fnMap":{"0":{"name":"(anonymous_0)","decl":{"start":{"line":4,"column":17},"end":{"line":4,"column":18}},"loc":{"start":{"line":4,"column":42},"end":{"line":17,"column":1}},"line":4}},"branchMap":{"0":{"loc":{"start":{"line":5,"column":2},"end":{"line":5,"column":49}},"type":"if","locations":[{"start":{"line":5,"column":2},"end":{"line":5,"column":49}},{"start":{"line":5,"column":2},"end":{"line":5,"column":49}}],"line":5},"1":{"loc":{"start":{"line":8,"column":2},"end":{"line":8,"column":79}},"type":"if","locations":[{"start":{"line":8,"column":2},"end":{"line":8,"column":79}},{"start":{"line":8,"column":2},"end":{"line":8,"column":79}}],"line":8}},"s":{"0":1,"1":1,"2":1,"3":1,"4":0,"5":1,"6":1,"7":0,"8":1,"9":1,"10":1,"11":1,"12":0},"f":{"0":1},"b":{"0":[0,1],"1":[0,1]},"_coverageSchema":"332fd63041d2c1bcb487cc26dd0d5f7d97098a6c","hash":"531f1ca58d42f5c2e415445fb4ff20595cb35486"}
,"/Users/sk/Desktop/College/gomovie-backend/models/user.js": {"path":"/Users/sk/Desktop/College/gomovie-backend/models/user.js","statementMap":{"0":{"start":{"line":1,"column":15},"end":{"line":1,"column":32}},"1":{"start":{"line":2,"column":12},"end":{"line":2,"column":35}},"2":{"start":{"line":3,"column":12},"end":{"line":3,"column":26}},"3":{"start":{"line":4,"column":17},"end":{"line":4,"column":36}},"4":{"start":{"line":6,"column":19},"end":{"line":27,"column":2}},"5":{"start":{"line":29,"column":0},"end":{"line":40,"column":2}},"6":{"start":{"line":30,"column":16},"end":{"line":38,"column":3}},"7":{"start":{"line":39,"column":2},"end":{"line":39,"column":15}},"8":{"start":{"line":42,"column":13},"end":{"line":42,"column":47}},"9":{"start":{"line":45,"column":17},"end":{"line":59,"column":3}},"10":{"start":{"line":61,"column":2},"end":{"line":61,"column":36}},"11":{"start":{"line":64,"column":0},"end":{"line":64,"column":20}},"12":{"start":{"line":65,"column":0},"end":{"line":65,"column":32}}},"fnMap":{"0":{"name":"(anonymous_0)","decl":{"start":{"line":29,"column":39},"end":{"line":29,"column":40}},"loc":{"start":{"line":29,"column":50},"end":{"line":40,"column":1}},"line":29},"1":{"name":"validateUser","decl":{"start":{"line":44,"column":9},"end":{"line":44,"column":21}},"loc":{"start":{"line":44,"column":28},"end":{"line":62,"column":1}},"line":44}},"branchMap":{},"s":{"0":2,"1":2,"2":2,"3":2,"4":2,"5":2,"6":2,"7":2,"8":2,"9":0,"10":0,"11":2,"12":2},"f":{"0":2,"1":0},"b":{},"_coverageSchema":"332fd63041d2c1bcb487cc26dd0d5f7d97098a6c","hash":"47b622a79c61456643165f0bf45399eb2a2a75d3"}
}
