TN:
SF:/Users/sk/Desktop/College/gomovie-backend/middleware/auth.js
FN:4,(anonymous_0)
FNF:1
FNH:1
FNDA:1,(anonymous_0)
DA:1,1
DA:2,1
DA:4,1
DA:5,1
DA:7,1
DA:8,1
DA:10,1
DA:11,1
DA:12,1
DA:13,1
DA:15,0
LF:11
LH:10
BRDA:5,0,0,0
BRDA:5,0,1,1
BRDA:8,1,0,0
BRDA:8,1,1,1
BRF:4
BRH:2
end_of_record
TN:
SF:/Users/sk/Desktop/College/gomovie-backend/models/user.js
FN:29,(anonymous_0)
FN:44,validateUser
FNF:2
FNH:1
FNDA:2,(anonymous_0)
FNDA:0,validateUser
DA:1,2
DA:2,2
DA:3,2
DA:4,2
DA:6,2
DA:29,2
DA:30,2
DA:39,2
DA:42,2
DA:45,0
DA:61,0
DA:64,2
DA:65,2
LF:13
LH:11
BRF:0
BRH:0
end_of_record
