TN:
SF:/Users/sk/Desktop/College/gomovie-backend/index.js
FN:14,(anonymous_0)
FNF:1
FNH:1
FNDA:3,(anonymous_0)
DA:1,3
DA:2,3
DA:3,3
DA:4,3
DA:6,3
DA:7,3
DA:8,3
DA:9,3
DA:10,3
DA:11,3
DA:13,3
DA:14,3
DA:15,3
DA:18,3
LF:14
LH:14
BRDA:13,0,0,3
BRDA:13,0,1,3
BRF:2
BRH:2
end_of_record
TN:
SF:/Users/sk/Desktop/College/gomovie-backend/middleware/admin.js
FN:3,(anonymous_0)
FNF:1
FNH:1
FNDA:5,(anonymous_0)
DA:1,3
DA:3,3
DA:6,5
DA:8,5
DA:10,4
LF:5
LH:5
BRDA:6,0,0,0
BRDA:6,0,1,5
BRDA:8,1,0,1
BRDA:8,1,1,4
BRF:4
BRH:3
end_of_record
TN:
SF:/Users/sk/Desktop/College/gomovie-backend/middleware/auth.js
FN:4,(anonymous_0)
FNF:1
FNH:1
FNDA:28,(anonymous_0)
DA:1,4
DA:2,4
DA:4,4
DA:5,28
DA:7,28
DA:8,28
DA:10,25
DA:11,25
DA:12,24
DA:13,24
DA:15,1
LF:11
LH:11
BRDA:5,0,0,0
BRDA:5,0,1,28
BRDA:8,1,0,3
BRDA:8,1,1,25
BRF:4
BRH:3
end_of_record
TN:
SF:/Users/sk/Desktop/College/gomovie-backend/middleware/error.js
FN:3,(anonymous_0)
FNF:1
FNH:0
FNDA:0,(anonymous_0)
DA:1,3
DA:3,3
DA:4,0
DA:13,0
LF:4
LH:2
BRF:0
BRH:0
end_of_record
TN:
SF:/Users/sk/Desktop/College/gomovie-backend/middleware/validate.js
FN:2,(anonymous_0)
FN:3,(anonymous_1)
FNF:2
FNH:2
FNDA:3,(anonymous_0)
FNDA:7,(anonymous_1)
DA:2,3
DA:3,3
DA:4,7
DA:5,7
DA:6,5
LF:5
LH:5
BRDA:5,0,0,2
BRDA:5,0,1,5
BRF:2
BRH:2
end_of_record
TN:
SF:/Users/sk/Desktop/College/gomovie-backend/middleware/validateObjectId.js
FN:3,(anonymous_0)
FNF:1
FNH:1
FNDA:13,(anonymous_0)
DA:1,3
DA:3,3
DA:4,13
DA:5,3
DA:7,10
LF:5
LH:5
BRDA:4,0,0,3
BRDA:4,0,1,10
BRF:2
BRH:2
end_of_record
TN:
SF:/Users/sk/Desktop/College/gomovie-backend/models/customer.js
FN:23,validateCustomer
FNF:1
FNH:0
FNDA:0,validateCustomer
DA:1,3
DA:2,3
DA:4,3
DA:24,0
DA:30,0
DA:33,3
DA:34,3
LF:7
LH:5
BRF:0
BRH:0
end_of_record
TN:
SF:/Users/sk/Desktop/College/gomovie-backend/models/genre.js
FN:15,validateGenre
FNF:1
FNH:1
FNDA:10,validateGenre
DA:1,3
DA:2,3
DA:4,3
DA:13,3
DA:16,10
DA:20,10
DA:23,3
DA:24,3
DA:25,3
LF:9
LH:9
BRF:0
BRH:0
end_of_record
TN:
SF:/Users/sk/Desktop/College/gomovie-backend/models/image.js
FNF:0
FNH:0
DA:1,3
DA:3,3
DA:12,3
DA:14,3
DA:15,3
LF:5
LH:5
BRF:0
BRH:0
end_of_record
TN:
SF:/Users/sk/Desktop/College/gomovie-backend/models/movie.js
FN:38,validateMovie
FNF:1
FNH:0
FNDA:0,validateMovie
DA:1,3
DA:2,3
DA:3,3
DA:4,3
DA:6,3
DA:39,0
DA:46,0
DA:49,3
DA:50,3
LF:9
LH:7
BRF:0
BRH:0
end_of_record
TN:
SF:/Users/sk/Desktop/College/gomovie-backend/models/rental.js
FN:56,(anonymous_0)
FN:63,(anonymous_1)
FN:72,validateRental
FNF:3
FNH:1
FNDA:5,(anonymous_0)
FNDA:0,(anonymous_1)
FNDA:0,validateRental
DA:1,3
DA:2,3
DA:3,3
DA:5,3
DA:56,3
DA:57,5
DA:63,3
DA:64,0
DA:66,0
DA:67,0
DA:70,3
DA:73,0
DA:78,0
DA:81,3
DA:82,3
LF:15
LH:10
BRF:0
BRH:0
end_of_record
TN:
SF:/Users/sk/Desktop/College/gomovie-backend/models/user.js
FN:29,(anonymous_0)
FN:44,validateUser
FNF:2
FNH:1
FNDA:34,(anonymous_0)
FNDA:0,validateUser
DA:1,5
DA:2,5
DA:3,5
DA:4,5
DA:6,5
DA:29,5
DA:30,34
DA:39,34
DA:42,5
DA:45,0
DA:51,0
DA:54,5
DA:55,5
LF:13
LH:11
BRF:0
BRH:0
end_of_record
TN:
SF:/Users/sk/Desktop/College/gomovie-backend/routes/auth.js
FN:9,(anonymous_0)
FN:23,validate
FNF:2
FNH:0
FNDA:0,(anonymous_0)
FNDA:0,validate
DA:1,3
DA:2,3
DA:3,3
DA:4,3
DA:5,3
DA:6,3
DA:7,3
DA:9,3
DA:10,0
DA:11,0
DA:13,0
DA:14,0
DA:16,0
DA:17,0
DA:19,0
DA:20,0
DA:24,0
DA:29,0
DA:32,3
LF:19
LH:9
BRDA:11,0,0,0
BRDA:11,0,1,0
BRDA:14,1,0,0
BRDA:14,1,1,0
BRDA:17,2,0,0
BRDA:17,2,1,0
BRF:6
BRH:0
end_of_record
TN:
SF:/Users/sk/Desktop/College/gomovie-backend/routes/customers.js
FN:6,(anonymous_0)
FN:13,(anonymous_1)
FN:27,(anonymous_2)
FN:49,(anonymous_3)
FN:60,(anonymous_4)
FNF:5
FNH:0
FNDA:0,(anonymous_0)
FNDA:0,(anonymous_1)
FNDA:0,(anonymous_2)
FNDA:0,(anonymous_3)
FNDA:0,(anonymous_4)
DA:1,3
DA:2,3
DA:3,3
DA:4,3
DA:6,3
DA:7,0
DA:10,0
DA:13,3
DA:14,0
DA:15,0
DA:17,0
DA:22,0
DA:24,0
DA:27,3
DA:28,0
DA:29,0
DA:31,0
DA:41,0
DA:42,0
DA:46,0
DA:49,3
DA:50,0
DA:52,0
DA:53,0
DA:57,0
DA:60,3
DA:61,0
DA:63,0
DA:64,0
DA:68,0
DA:71,3
LF:31
LH:10
BRDA:15,0,0,0
BRDA:15,0,1,0
BRDA:29,1,0,0
BRDA:29,1,1,0
BRDA:41,2,0,0
BRDA:41,2,1,0
BRDA:52,3,0,0
BRDA:52,3,1,0
BRDA:63,4,0,0
BRDA:63,4,1,0
BRF:10
BRH:0
end_of_record
TN:
SF:/Users/sk/Desktop/College/gomovie-backend/routes/genres.js
FN:9,(anonymous_0)
FN:16,(anonymous_1)
FN:26,(anonymous_2)
FN:44,(anonymous_3)
FN:53,(anonymous_4)
FNF:5
FNH:4
FNDA:0,(anonymous_0)
FNDA:5,(anonymous_1)
FNDA:5,(anonymous_2)
FNDA:3,(anonymous_3)
FNDA:2,(anonymous_4)
DA:1,3
DA:2,3
DA:3,3
DA:4,3
DA:5,3
DA:6,3
DA:7,3
DA:9,3
DA:10,0
DA:13,0
DA:16,3
DA:17,5
DA:18,5
DA:20,3
DA:21,3
DA:23,3
DA:26,3
DA:27,5
DA:28,5
DA:30,3
DA:38,3
DA:39,1
DA:41,2
DA:44,3
DA:45,3
DA:47,3
DA:48,1
DA:50,2
DA:53,3
DA:54,2
DA:56,2
DA:57,1
DA:59,1
DA:62,3
LF:34
LH:32
BRDA:18,0,0,2
BRDA:18,0,1,3
BRDA:28,1,0,2
BRDA:28,1,1,3
BRDA:38,2,0,1
BRDA:38,2,1,2
BRDA:47,3,0,1
BRDA:47,3,1,2
BRDA:56,4,0,1
BRDA:56,4,1,1
BRF:10
BRH:10
end_of_record
TN:
SF:/Users/sk/Desktop/College/gomovie-backend/routes/images.js
FN:16,(anonymous_0)
FN:27,(anonymous_1)
FN:32,(anonymous_2)
FNF:3
FNH:0
FNDA:0,(anonymous_0)
FNDA:0,(anonymous_1)
FNDA:0,(anonymous_2)
DA:1,3
DA:2,3
DA:3,3
DA:4,3
DA:5,3
DA:6,3
DA:7,3
DA:8,3
DA:9,3
DA:11,3
DA:13,3
DA:14,3
DA:17,0
DA:18,0
DA:20,0
DA:25,3
DA:27,3
DA:28,0
DA:29,0
DA:32,3
DA:33,0
DA:34,0
DA:35,0
DA:37,0
DA:51,0
DA:91,3
LF:26
LH:16
BRDA:17,0,0,0
BRDA:17,0,1,0
BRDA:34,1,0,0
BRDA:34,1,1,0
BRF:4
BRH:0
end_of_record
TN:
SF:/Users/sk/Desktop/College/gomovie-backend/routes/movies.js
FN:11,(anonymous_0)
FN:16,(anonymous_1)
FN:38,(anonymous_2)
FN:65,(anonymous_3)
FN:74,(anonymous_4)
FNF:5
FNH:0
FNDA:0,(anonymous_0)
FNDA:0,(anonymous_1)
FNDA:0,(anonymous_2)
FNDA:0,(anonymous_3)
FNDA:0,(anonymous_4)
DA:1,3
DA:2,3
DA:3,3
DA:4,3
DA:5,3
DA:6,3
DA:7,3
DA:8,3
DA:9,3
DA:11,3
DA:12,0
DA:13,0
DA:16,3
DA:17,0
DA:18,0
DA:20,0
DA:21,0
DA:23,0
DA:33,0
DA:35,0
DA:38,3
DA:39,0
DA:40,0
DA:42,0
DA:43,0
DA:45,0
DA:59,0
DA:60,0
DA:62,0
DA:65,3
DA:66,0
DA:68,0
DA:69,0
DA:71,0
DA:74,3
DA:75,0
DA:77,0
DA:78,0
DA:80,0
DA:83,3
LF:40
LH:15
BRDA:18,0,0,0
BRDA:18,0,1,0
BRDA:21,1,0,0
BRDA:21,1,1,0
BRDA:40,2,0,0
BRDA:40,2,1,0
BRDA:43,3,0,0
BRDA:43,3,1,0
BRDA:59,4,0,0
BRDA:59,4,1,0
BRDA:68,5,0,0
BRDA:68,5,1,0
BRDA:77,6,0,0
BRDA:77,6,1,0
BRF:14
BRH:0
end_of_record
TN:
SF:/Users/sk/Desktop/College/gomovie-backend/routes/rentals.js
FN:12,(anonymous_0)
FN:17,(anonymous_1)
FN:61,(anonymous_2)
FNF:3
FNH:0
FNDA:0,(anonymous_0)
FNDA:0,(anonymous_1)
FNDA:0,(anonymous_2)
DA:1,3
DA:2,3
DA:3,3
DA:4,3
DA:5,3
DA:6,3
DA:7,3
DA:8,3
DA:10,3
DA:12,3
DA:13,0
DA:14,0
DA:17,3
DA:18,0
DA:19,0
DA:21,0
DA:22,0
DA:24,0
DA:25,0
DA:27,0
DA:28,0
DA:30,0
DA:43,0
DA:44,0
DA:55,0
DA:57,0
DA:61,3
DA:62,0
DA:64,0
DA:65,0
DA:67,0
DA:70,3
LF:32
LH:13
BRDA:19,0,0,0
BRDA:19,0,1,0
BRDA:22,1,0,0
BRDA:22,1,1,0
BRDA:25,2,0,0
BRDA:25,2,1,0
BRDA:27,3,0,0
BRDA:27,3,1,0
BRDA:64,4,0,0
BRDA:64,4,1,0
BRF:10
BRH:0
end_of_record
TN:
SF:/Users/sk/Desktop/College/gomovie-backend/routes/returns.js
FN:9,(anonymous_0)
FN:30,validateReturn
FNF:2
FNH:2
FNDA:5,(anonymous_0)
FNDA:7,validateReturn
DA:1,3
DA:2,3
DA:3,3
DA:4,3
DA:5,3
DA:6,3
DA:7,3
DA:9,3
DA:10,5
DA:12,5
DA:14,0
DA:15,0
DA:17,0
DA:18,0
DA:20,0
DA:27,0
DA:31,7
DA:36,7
DA:39,3
LF:19
LH:13
BRDA:12,0,0,5
BRDA:12,0,1,0
BRDA:14,1,0,0
BRDA:14,1,1,0
BRF:4
BRH:1
end_of_record
TN:
SF:/Users/sk/Desktop/College/gomovie-backend/routes/users.js
FN:8,(anonymous_0)
FN:13,(anonymous_1)
FNF:2
FNH:0
FNDA:0,(anonymous_0)
FNDA:0,(anonymous_1)
DA:1,3
DA:2,3
DA:3,3
DA:4,3
DA:5,3
DA:6,3
DA:8,3
DA:9,0
DA:10,0
DA:13,3
DA:14,0
DA:15,0
DA:17,0
DA:18,0
DA:20,0
DA:21,0
DA:22,0
DA:23,0
DA:25,0
DA:26,0
DA:32,3
LF:21
LH:9
BRDA:15,0,0,0
BRDA:15,0,1,0
BRDA:18,1,0,0
BRDA:18,1,1,0
BRF:4
BRH:0
end_of_record
TN:
SF:/Users/sk/Desktop/College/gomovie-backend/startup/config.js
FN:3,(anonymous_0)
FNF:1
FNH:1
FNDA:3,(anonymous_0)
DA:1,3
DA:3,3
DA:4,3
DA:5,0
LF:4
LH:3
BRDA:4,0,0,0
BRDA:4,0,1,3
BRF:2
BRH:1
end_of_record
TN:
SF:/Users/sk/Desktop/College/gomovie-backend/startup/cors.js
FN:3,(anonymous_0)
FNF:1
FNH:1
FNDA:3,(anonymous_0)
DA:1,3
DA:3,3
DA:4,3
LF:3
LH:3
BRF:0
BRH:0
end_of_record
TN:
SF:/Users/sk/Desktop/College/gomovie-backend/startup/db.js
FN:5,(anonymous_0)
FN:8,(anonymous_1)
FNF:2
FNH:2
FNDA:3,(anonymous_0)
FNDA:3,(anonymous_1)
DA:1,3
DA:2,3
DA:3,3
DA:5,3
DA:6,3
DA:7,3
DA:8,3
LF:7
LH:7
BRF:0
BRH:0
end_of_record
TN:
SF:/Users/sk/Desktop/College/gomovie-backend/startup/logging.js
FN:4,(anonymous_0)
FN:10,(anonymous_1)
FNF:2
FNH:1
FNDA:3,(anonymous_0)
FNDA:0,(anonymous_1)
DA:1,3
DA:2,3
DA:4,3
DA:5,3
DA:10,3
DA:11,0
DA:14,3
LF:7
LH:6
BRF:0
BRH:0
end_of_record
TN:
SF:/Users/sk/Desktop/College/gomovie-backend/startup/routes.js
FN:12,(anonymous_0)
FNF:1
FNH:1
FNDA:3,(anonymous_0)
DA:1,3
DA:2,3
DA:3,3
DA:4,3
DA:5,3
DA:6,3
DA:7,3
DA:8,3
DA:9,3
DA:10,3
DA:12,3
DA:13,3
DA:14,3
DA:15,3
DA:16,3
DA:17,3
DA:18,3
DA:19,3
DA:20,3
DA:21,3
DA:22,3
LF:21
LH:21
BRF:0
BRH:0
end_of_record
TN:
SF:/Users/sk/Desktop/College/gomovie-backend/startup/validation.js
FN:3,(anonymous_0)
FNF:1
FNH:1
FNDA:3,(anonymous_0)
DA:1,3
DA:3,3
DA:4,3
LF:3
LH:3
BRF:0
BRH:0
end_of_record
